2019-02-08 10:22:19 7588 [Note] Plugin 'FEDERATED' is disabled.
2019-02-08 10:22:19 7588 [Note] InnoDB: Using atomics to ref count buffer pool pages
2019-02-08 10:22:19 7588 [Note] InnoDB: The InnoDB memory heap is disabled
2019-02-08 10:22:19 7588 [Note] InnoDB: Mutexes and rw_locks use Windows interlocked functions
2019-02-08 10:22:19 7588 [Note] InnoDB: Memory barrier is not used
2019-02-08 10:22:19 7588 [Note] InnoDB: Compressed tables use zlib 1.2.3
2019-02-08 10:22:19 7588 [Note] InnoDB: Not using CPU crc32 instructions
2019-02-08 10:22:19 7588 [Note] InnoDB: Initializing buffer pool, size = 32.0M
2019-02-08 10:22:19 7588 [Note] InnoDB: Completed initialization of buffer pool
2019-02-08 10:22:19 7588 [Note] InnoDB: Highest supported file format is Barracuda.
2019-02-08 10:22:21 7588 [Note] InnoDB: 128 rollback segment(s) are active.
2019-02-08 10:22:21 7588 [Note] InnoDB: Waiting for purge to start
2019-02-08 10:22:21 7588 [Note] InnoDB: 5.6.35 started; log sequence number 1771182
2019-02-08 10:22:21 7588 [Warning] No existing UUID has been found, so we assume that this is the first time that this server has been started. Generating a new UUID: b62ddb74-2bbd-11e9-8016-00090faa0001.
2019-02-08 10:22:21 7588 [Note] Server hostname (bind-address): '127.0.0.1'; port: 3306
2019-02-08 10:22:21 7588 [Note]   - '127.0.0.1' resolves to '127.0.0.1';
2019-02-08 10:22:21 7588 [Note] Server socket created on IP: '127.0.0.1'.
2019-02-08 10:22:24 7588 [Note] Event Scheduler: Loaded 0 events
2019-02-08 10:22:24 7588 [Note] E:\Spring_2019\Web_Tech_Capstone\I_Am_IT\core\mysql\bin\mysqld_z.exe: ready for connections.
Version: '5.6.35'  socket: ''  port: 3306  MySQL Community Server (GPL)
2019-02-08 10:24:31 7588 [Note] E:\Spring_2019\Web_Tech_Capstone\I_Am_IT\core\mysql\bin\mysqld_z.exe: Normal shutdown

2019-02-08 10:24:31 7588 [Note] Giving 0 client threads a chance to die gracefully
2019-02-08 10:24:31 7588 [Note] Event Scheduler: Purging the queue. 0 events
2019-02-08 10:24:31 7588 [Note] Shutting down slave threads
2019-02-08 10:24:31 7588 [Note] Forcefully disconnecting 0 remaining clients
2019-02-08 10:24:31 7588 [Note] Binlog end
2019-02-08 10:24:31 7588 [Note] Shutting down plugin 'partition'
2019-02-08 10:24:31 7588 [Note] Shutting down plugin 'PERFORMANCE_SCHEMA'
2019-02-08 10:24:31 7588 [Note] Shutting down plugin 'INNODB_SYS_DATAFILES'
2019-02-08 10:24:31 7588 [Note] Shutting down plugin 'INNODB_SYS_TABLESPACES'
2019-02-08 10:24:31 7588 [Note] Shutting down plugin 'INNODB_SYS_FOREIGN_COLS'
2019-02-08 10:24:31 7588 [Note] Shutting down plugin 'INNODB_SYS_FOREIGN'
2019-02-08 10:24:31 7588 [Note] Shutting down plugin 'INNODB_SYS_FIELDS'
2019-02-08 10:24:31 7588 [Note] Shutting down plugin 'INNODB_SYS_COLUMNS'
2019-02-08 10:24:31 7588 [Note] Shutting down plugin 'INNODB_SYS_INDEXES'
2019-02-08 10:24:31 7588 [Note] Shutting down plugin 'INNODB_SYS_TABLESTATS'
2019-02-08 10:24:31 7588 [Note] Shutting down plugin 'INNODB_SYS_TABLES'
2019-02-08 10:24:31 7588 [Note] Shutting down plugin 'INNODB_FT_INDEX_TABLE'
2019-02-08 10:24:31 7588 [Note] Shutting down plugin 'INNODB_FT_INDEX_CACHE'
2019-02-08 10:24:31 7588 [Note] Shutting down plugin 'INNODB_FT_CONFIG'
2019-02-08 10:24:31 7588 [Note] Shutting down plugin 'INNODB_FT_BEING_DELETED'
2019-02-08 10:24:31 7588 [Note] Shutting down plugin 'INNODB_FT_DELETED'
2019-02-08 10:24:31 7588 [Note] Shutting down plugin 'INNODB_FT_DEFAULT_STOPWORD'
2019-02-08 10:24:31 7588 [Note] Shutting down plugin 'INNODB_METRICS'
2019-02-08 10:24:31 7588 [Note] Shutting down plugin 'INNODB_BUFFER_POOL_STATS'
2019-02-08 10:24:31 7588 [Note] Shutting down plugin 'INNODB_BUFFER_PAGE_LRU'
2019-02-08 10:24:31 7588 [Note] Shutting down plugin 'INNODB_BUFFER_PAGE'
2019-02-08 10:24:31 7588 [Note] Shutting down plugin 'INNODB_CMP_PER_INDEX_RESET'
2019-02-08 10:24:31 7588 [Note] Shutting down plugin 'INNODB_CMP_PER_INDEX'
2019-02-08 10:24:31 7588 [Note] Shutting down plugin 'INNODB_CMPMEM_RESET'
2019-02-08 10:24:31 7588 [Note] Shutting down plugin 'INNODB_CMPMEM'
2019-02-08 10:24:31 7588 [Note] Shutting down plugin 'INNODB_CMP_RESET'
2019-02-08 10:24:31 7588 [Note] Shutting down plugin 'INNODB_CMP'
2019-02-08 10:24:31 7588 [Note] Shutting down plugin 'INNODB_LOCK_WAITS'
2019-02-08 10:24:31 7588 [Note] Shutting down plugin 'INNODB_LOCKS'
2019-02-08 10:24:31 7588 [Note] Shutting down plugin 'INNODB_TRX'
2019-02-08 10:24:31 7588 [Note] Shutting down plugin 'InnoDB'
2019-02-08 10:24:31 7588 [Note] InnoDB: FTS optimize thread exiting.
2019-02-08 10:24:31 7588 [Note] InnoDB: Starting shutdown...
2019-02-08 10:24:33 7588 [Note] InnoDB: Shutdown completed; log sequence number 1771192
2019-02-08 10:24:33 7588 [Note] Shutting down plugin 'BLACKHOLE'
2019-02-08 10:24:33 7588 [Note] Shutting down plugin 'ARCHIVE'
2019-02-08 10:24:33 7588 [Note] Shutting down plugin 'MRG_MYISAM'
2019-02-08 10:24:33 7588 [Note] Shutting down plugin 'MyISAM'
2019-02-08 10:24:33 7588 [Note] Shutting down plugin 'MEMORY'
2019-02-08 10:24:33 7588 [Note] Shutting down plugin 'CSV'
2019-02-08 10:24:33 7588 [Note] Shutting down plugin 'sha256_password'
2019-02-08 10:24:33 7588 [Note] Shutting down plugin 'mysql_old_password'
2019-02-08 10:24:33 7588 [Note] Shutting down plugin 'mysql_native_password'
2019-02-08 10:24:33 7588 [Note] Shutting down plugin 'binlog'
2019-02-08 10:24:33 7588 [Note] E:\Spring_2019\Web_Tech_Capstone\I_Am_IT\core\mysql\bin\mysqld_z.exe: Shutdown complete

2019-02-08 10:24:54 8776 [Note] Plugin 'FEDERATED' is disabled.
2019-02-08 10:24:54 8776 [Note] InnoDB: Using atomics to ref count buffer pool pages
2019-02-08 10:24:54 8776 [Note] InnoDB: The InnoDB memory heap is disabled
2019-02-08 10:24:54 8776 [Note] InnoDB: Mutexes and rw_locks use Windows interlocked functions
2019-02-08 10:24:54 8776 [Note] InnoDB: Memory barrier is not used
2019-02-08 10:24:54 8776 [Note] InnoDB: Compressed tables use zlib 1.2.3
2019-02-08 10:24:54 8776 [Note] InnoDB: Not using CPU crc32 instructions
2019-02-08 10:24:54 8776 [Note] InnoDB: Initializing buffer pool, size = 32.0M
2019-02-08 10:24:54 8776 [Note] InnoDB: Completed initialization of buffer pool
2019-02-08 10:24:54 8776 [Note] InnoDB: Highest supported file format is Barracuda.
2019-02-08 10:24:55 8776 [Note] InnoDB: 128 rollback segment(s) are active.
2019-02-08 10:24:55 8776 [Note] InnoDB: Waiting for purge to start
2019-02-08 10:24:55 8776 [Note] InnoDB: 5.6.35 started; log sequence number 1771192
2019-02-08 10:24:56 8776 [Note] Server hostname (bind-address): '127.0.0.1'; port: 3306
2019-02-08 10:24:56 8776 [Note]   - '127.0.0.1' resolves to '127.0.0.1';
2019-02-08 10:24:56 8776 [Note] Server socket created on IP: '127.0.0.1'.
2019-02-08 10:24:56 8776 [Note] Event Scheduler: Loaded 0 events
2019-02-08 10:24:56 8776 [Note] E:\Spring_2019\I_Am_IT\core\mysql\bin\mysqld_z.exe: ready for connections.
Version: '5.6.35'  socket: ''  port: 3306  MySQL Community Server (GPL)
2019-02-08 13:31:39 8776 [Note] E:\Spring_2019\I_Am_IT\core\mysql\bin\mysqld_z.exe: Normal shutdown

2019-02-08 13:31:39 8776 [Note] Giving 0 client threads a chance to die gracefully
2019-02-08 13:31:39 8776 [Note] Event Scheduler: Purging the queue. 0 events
2019-02-08 13:31:39 8776 [Note] Shutting down slave threads
2019-02-08 13:31:39 8776 [Note] Forcefully disconnecting 0 remaining clients
2019-02-08 13:31:39 8776 [Note] Binlog end
2019-02-08 13:31:39 8776 [Note] Shutting down plugin 'partition'
2019-02-08 13:31:39 8776 [Note] Shutting down plugin 'PERFORMANCE_SCHEMA'
2019-02-08 13:31:39 8776 [Note] Shutting down plugin 'INNODB_SYS_DATAFILES'
2019-02-08 13:31:39 8776 [Note] Shutting down plugin 'INNODB_SYS_TABLESPACES'
2019-02-08 13:31:39 8776 [Note] Shutting down plugin 'INNODB_SYS_FOREIGN_COLS'
2019-02-08 13:31:39 8776 [Note] Shutting down plugin 'INNODB_SYS_FOREIGN'
2019-02-08 13:31:39 8776 [Note] Shutting down plugin 'INNODB_SYS_FIELDS'
2019-02-08 13:31:39 8776 [Note] Shutting down plugin 'INNODB_SYS_COLUMNS'
2019-02-08 13:31:39 8776 [Note] Shutting down plugin 'INNODB_SYS_INDEXES'
2019-02-08 13:31:39 8776 [Note] Shutting down plugin 'INNODB_SYS_TABLESTATS'
2019-02-08 13:31:39 8776 [Note] Shutting down plugin 'INNODB_SYS_TABLES'
2019-02-08 13:31:39 8776 [Note] Shutting down plugin 'INNODB_FT_INDEX_TABLE'
2019-02-08 13:31:39 8776 [Note] Shutting down plugin 'INNODB_FT_INDEX_CACHE'
2019-02-08 13:31:39 8776 [Note] Shutting down plugin 'INNODB_FT_CONFIG'
2019-02-08 13:31:39 8776 [Note] Shutting down plugin 'INNODB_FT_BEING_DELETED'
2019-02-08 13:31:39 8776 [Note] Shutting down plugin 'INNODB_FT_DELETED'
2019-02-08 13:31:39 8776 [Note] Shutting down plugin 'INNODB_FT_DEFAULT_STOPWORD'
2019-02-08 13:31:39 8776 [Note] Shutting down plugin 'INNODB_METRICS'
2019-02-08 13:31:39 8776 [Note] Shutting down plugin 'INNODB_BUFFER_POOL_STATS'
2019-02-08 13:31:39 8776 [Note] Shutting down plugin 'INNODB_BUFFER_PAGE_LRU'
2019-02-08 13:31:39 8776 [Note] Shutting down plugin 'INNODB_BUFFER_PAGE'
2019-02-08 13:31:39 8776 [Note] Shutting down plugin 'INNODB_CMP_PER_INDEX_RESET'
2019-02-08 13:31:39 8776 [Note] Shutting down plugin 'INNODB_CMP_PER_INDEX'
2019-02-08 13:31:39 8776 [Note] Shutting down plugin 'INNODB_CMPMEM_RESET'
2019-02-08 13:31:39 8776 [Note] Shutting down plugin 'INNODB_CMPMEM'
2019-02-08 13:31:39 8776 [Note] Shutting down plugin 'INNODB_CMP_RESET'
2019-02-08 13:31:39 8776 [Note] Shutting down plugin 'INNODB_CMP'
2019-02-08 13:31:39 8776 [Note] Shutting down plugin 'INNODB_LOCK_WAITS'
2019-02-08 13:31:39 8776 [Note] Shutting down plugin 'INNODB_LOCKS'
2019-02-08 13:31:39 8776 [Note] Shutting down plugin 'INNODB_TRX'
2019-02-08 13:31:39 8776 [Note] Shutting down plugin 'InnoDB'
2019-02-08 13:31:39 8776 [Note] InnoDB: FTS optimize thread exiting.
2019-02-08 13:31:39 8776 [Note] InnoDB: Starting shutdown...
2019-02-08 13:31:41 8776 [Note] InnoDB: Shutdown completed; log sequence number 1771202
2019-02-08 13:31:41 8776 [Note] Shutting down plugin 'BLACKHOLE'
2019-02-08 13:31:41 8776 [Note] Shutting down plugin 'ARCHIVE'
2019-02-08 13:31:41 8776 [Note] Shutting down plugin 'MRG_MYISAM'
2019-02-08 13:31:41 8776 [Note] Shutting down plugin 'MyISAM'
2019-02-08 13:31:41 8776 [Note] Shutting down plugin 'MEMORY'
2019-02-08 13:31:41 8776 [Note] Shutting down plugin 'CSV'
2019-02-08 13:31:41 8776 [Note] Shutting down plugin 'sha256_password'
2019-02-08 13:31:41 8776 [Note] Shutting down plugin 'mysql_old_password'
2019-02-08 13:31:41 8776 [Note] Shutting down plugin 'mysql_native_password'
2019-02-08 13:31:41 8776 [Note] Shutting down plugin 'binlog'
2019-02-08 13:31:42 8776 [Note] E:\Spring_2019\I_Am_IT\core\mysql\bin\mysqld_z.exe: Shutdown complete

2019-02-08 13:42:56 4328 [Note] Plugin 'FEDERATED' is disabled.
2019-02-08 13:42:56 4328 [Note] InnoDB: Using atomics to ref count buffer pool pages
2019-02-08 13:42:56 4328 [Note] InnoDB: The InnoDB memory heap is disabled
2019-02-08 13:42:56 4328 [Note] InnoDB: Mutexes and rw_locks use Windows interlocked functions
2019-02-08 13:42:56 4328 [Note] InnoDB: Memory barrier is not used
2019-02-08 13:42:56 4328 [Note] InnoDB: Compressed tables use zlib 1.2.3
2019-02-08 13:42:56 4328 [Note] InnoDB: Not using CPU crc32 instructions
2019-02-08 13:42:56 4328 [Note] InnoDB: Initializing buffer pool, size = 32.0M
2019-02-08 13:42:56 4328 [Note] InnoDB: Completed initialization of buffer pool
2019-02-08 13:42:56 4328 [Note] InnoDB: Highest supported file format is Barracuda.
2019-02-08 13:42:57 4328 [Note] InnoDB: 128 rollback segment(s) are active.
2019-02-08 13:42:57 4328 [Note] InnoDB: Waiting for purge to start
2019-02-08 13:42:57 4328 [Note] InnoDB: 5.6.35 started; log sequence number 1771202
2019-02-08 13:42:57 4328 [Note] Server hostname (bind-address): '127.0.0.1'; port: 3306
2019-02-08 13:42:57 4328 [Note]   - '127.0.0.1' resolves to '127.0.0.1';
2019-02-08 13:42:57 4328 [Note] Server socket created on IP: '127.0.0.1'.
2019-02-08 13:42:59 4328 [Note] Event Scheduler: Loaded 0 events
2019-02-08 13:42:59 4328 [Note] E:\Spring_2019\I_Am_IT\core\mysql\bin\mysqld_z.exe: ready for connections.
Version: '5.6.35'  socket: ''  port: 3306  MySQL Community Server (GPL)
2019-02-08 14:22:47 4328 [Note] E:\Spring_2019\I_Am_IT\core\mysql\bin\mysqld_z.exe: Normal shutdown

2019-02-08 14:22:47 4328 [Note] Giving 0 client threads a chance to die gracefully
2019-02-08 14:22:47 4328 [Note] Event Scheduler: Purging the queue. 0 events
2019-02-08 14:22:47 4328 [Note] Shutting down slave threads
2019-02-08 14:22:47 4328 [Note] Forcefully disconnecting 0 remaining clients
2019-02-08 14:22:47 4328 [Note] Binlog end
2019-02-08 14:22:47 4328 [Note] Shutting down plugin 'partition'
2019-02-08 14:22:47 4328 [Note] Shutting down plugin 'PERFORMANCE_SCHEMA'
2019-02-08 14:22:47 4328 [Note] Shutting down plugin 'INNODB_SYS_DATAFILES'
2019-02-08 14:22:47 4328 [Note] Shutting down plugin 'INNODB_SYS_TABLESPACES'
2019-02-08 14:22:47 4328 [Note] Shutting down plugin 'INNODB_SYS_FOREIGN_COLS'
2019-02-08 14:22:47 4328 [Note] Shutting down plugin 'INNODB_SYS_FOREIGN'
2019-02-08 14:22:47 4328 [Note] Shutting down plugin 'INNODB_SYS_FIELDS'
2019-02-08 14:22:47 4328 [Note] Shutting down plugin 'INNODB_SYS_COLUMNS'
2019-02-08 14:22:47 4328 [Note] Shutting down plugin 'INNODB_SYS_INDEXES'
2019-02-08 14:22:47 4328 [Note] Shutting down plugin 'INNODB_SYS_TABLESTATS'
2019-02-08 14:22:47 4328 [Note] Shutting down plugin 'INNODB_SYS_TABLES'
2019-02-08 14:22:47 4328 [Note] Shutting down plugin 'INNODB_FT_INDEX_TABLE'
2019-02-08 14:22:47 4328 [Note] Shutting down plugin 'INNODB_FT_INDEX_CACHE'
2019-02-08 14:22:47 4328 [Note] Shutting down plugin 'INNODB_FT_CONFIG'
2019-02-08 14:22:47 4328 [Note] Shutting down plugin 'INNODB_FT_BEING_DELETED'
2019-02-08 14:22:47 4328 [Note] Shutting down plugin 'INNODB_FT_DELETED'
2019-02-08 14:22:47 4328 [Note] Shutting down plugin 'INNODB_FT_DEFAULT_STOPWORD'
2019-02-08 14:22:47 4328 [Note] Shutting down plugin 'INNODB_METRICS'
2019-02-08 14:22:47 4328 [Note] Shutting down plugin 'INNODB_BUFFER_POOL_STATS'
2019-02-08 14:22:47 4328 [Note] Shutting down plugin 'INNODB_BUFFER_PAGE_LRU'
2019-02-08 14:22:47 4328 [Note] Shutting down plugin 'INNODB_BUFFER_PAGE'
2019-02-08 14:22:47 4328 [Note] Shutting down plugin 'INNODB_CMP_PER_INDEX_RESET'
2019-02-08 14:22:47 4328 [Note] Shutting down plugin 'INNODB_CMP_PER_INDEX'
2019-02-08 14:22:47 4328 [Note] Shutting down plugin 'INNODB_CMPMEM_RESET'
2019-02-08 14:22:47 4328 [Note] Shutting down plugin 'INNODB_CMPMEM'
2019-02-08 14:22:47 4328 [Note] Shutting down plugin 'INNODB_CMP_RESET'
2019-02-08 14:22:47 4328 [Note] Shutting down plugin 'INNODB_CMP'
2019-02-08 14:22:47 4328 [Note] Shutting down plugin 'INNODB_LOCK_WAITS'
2019-02-08 14:22:47 4328 [Note] Shutting down plugin 'INNODB_LOCKS'
2019-02-08 14:22:47 4328 [Note] Shutting down plugin 'INNODB_TRX'
2019-02-08 14:22:47 4328 [Note] Shutting down plugin 'InnoDB'
2019-02-08 14:22:47 4328 [Note] InnoDB: FTS optimize thread exiting.
2019-02-08 14:22:47 4328 [Note] InnoDB: Starting shutdown...
2019-02-08 14:22:49 4328 [Note] InnoDB: Shutdown completed; log sequence number 1771212
2019-02-08 14:22:49 4328 [Note] Shutting down plugin 'BLACKHOLE'
2019-02-08 14:22:49 4328 [Note] Shutting down plugin 'ARCHIVE'
2019-02-08 14:22:49 4328 [Note] Shutting down plugin 'MRG_MYISAM'
2019-02-08 14:22:49 4328 [Note] Shutting down plugin 'MyISAM'
2019-02-08 14:22:49 4328 [Note] Shutting down plugin 'MEMORY'
2019-02-08 14:22:49 4328 [Note] Shutting down plugin 'CSV'
2019-02-08 14:22:49 4328 [Note] Shutting down plugin 'sha256_password'
2019-02-08 14:22:49 4328 [Note] Shutting down plugin 'mysql_old_password'
2019-02-08 14:22:49 4328 [Note] Shutting down plugin 'mysql_native_password'
2019-02-08 14:22:49 4328 [Note] Shutting down plugin 'binlog'
2019-02-08 14:22:49 4328 [Note] E:\Spring_2019\I_Am_IT\core\mysql\bin\mysqld_z.exe: Shutdown complete

2019-02-08 14:22:49 9092 [Note] Plugin 'FEDERATED' is disabled.
2019-02-08 14:22:49 9092 [Note] InnoDB: Using atomics to ref count buffer pool pages
2019-02-08 14:22:49 9092 [Note] InnoDB: The InnoDB memory heap is disabled
2019-02-08 14:22:49 9092 [Note] InnoDB: Mutexes and rw_locks use Windows interlocked functions
2019-02-08 14:22:49 9092 [Note] InnoDB: Memory barrier is not used
2019-02-08 14:22:49 9092 [Note] InnoDB: Compressed tables use zlib 1.2.3
2019-02-08 14:22:49 9092 [Note] InnoDB: Not using CPU crc32 instructions
2019-02-08 14:22:50 9092 [Note] InnoDB: Initializing buffer pool, size = 32.0M
2019-02-08 14:22:50 9092 [Note] InnoDB: Completed initialization of buffer pool
2019-02-08 14:22:50 9092 [Note] InnoDB: Highest supported file format is Barracuda.
2019-02-08 14:22:50 9092 [Note] InnoDB: 128 rollback segment(s) are active.
2019-02-08 14:22:50 9092 [Note] InnoDB: Waiting for purge to start
2019-02-08 14:22:50 9092 [Note] InnoDB: 5.6.35 started; log sequence number 1771212
2019-02-08 14:22:50 9092 [Note] Server hostname (bind-address): '127.0.0.1'; port: 3306
2019-02-08 14:22:50 9092 [Note]   - '127.0.0.1' resolves to '127.0.0.1';
2019-02-08 14:22:50 9092 [Note] Server socket created on IP: '127.0.0.1'.
2019-02-08 14:22:51 9092 [Note] Event Scheduler: Loaded 0 events
2019-02-08 14:22:51 9092 [Note] E:\Spring_2019\I_Am_IT\core\mysql\bin\mysqld_z.exe: ready for connections.
Version: '5.6.35'  socket: ''  port: 3306  MySQL Community Server (GPL)
2019-02-08 14:22:51 9092 [Note] E:\Spring_2019\I_Am_IT\core\mysql\bin\mysqld_z.exe: Normal shutdown

2019-02-08 14:22:51 9092 [Note] Giving 0 client threads a chance to die gracefully
2019-02-08 14:22:51 9092 [Note] Event Scheduler: Purging the queue. 0 events
2019-02-08 14:22:51 9092 [Note] Shutting down slave threads
2019-02-08 14:22:51 9092 [Note] Forcefully disconnecting 0 remaining clients
2019-02-08 14:22:51 9092 [Note] Binlog end
2019-02-08 14:22:51 9092 [Note] Shutting down plugin 'partition'
2019-02-08 14:22:51 9092 [Note] Shutting down plugin 'PERFORMANCE_SCHEMA'
2019-02-08 14:22:51 9092 [Note] Shutting down plugin 'INNODB_SYS_DATAFILES'
2019-02-08 14:22:51 9092 [Note] Shutting down plugin 'INNODB_SYS_TABLESPACES'
2019-02-08 14:22:51 9092 [Note] Shutting down plugin 'INNODB_SYS_FOREIGN_COLS'
2019-02-08 14:22:51 9092 [Note] Shutting down plugin 'INNODB_SYS_FOREIGN'
2019-02-08 14:22:51 9092 [Note] Shutting down plugin 'INNODB_SYS_FIELDS'
2019-02-08 14:22:51 9092 [Note] Shutting down plugin 'INNODB_SYS_COLUMNS'
2019-02-08 14:22:51 9092 [Note] Shutting down plugin 'INNODB_SYS_INDEXES'
2019-02-08 14:22:51 9092 [Note] Shutting down plugin 'INNODB_SYS_TABLESTATS'
2019-02-08 14:22:51 9092 [Note] Shutting down plugin 'INNODB_SYS_TABLES'
2019-02-08 14:22:51 9092 [Note] Shutting down plugin 'INNODB_FT_INDEX_TABLE'
2019-02-08 14:22:51 9092 [Note] Shutting down plugin 'INNODB_FT_INDEX_CACHE'
2019-02-08 14:22:51 9092 [Note] Shutting down plugin 'INNODB_FT_CONFIG'
2019-02-08 14:22:51 9092 [Note] Shutting down plugin 'INNODB_FT_BEING_DELETED'
2019-02-08 14:22:51 9092 [Note] Shutting down plugin 'INNODB_FT_DELETED'
2019-02-08 14:22:51 9092 [Note] Shutting down plugin 'INNODB_FT_DEFAULT_STOPWORD'
2019-02-08 14:22:51 9092 [Note] Shutting down plugin 'INNODB_METRICS'
2019-02-08 14:22:51 9092 [Note] Shutting down plugin 'INNODB_BUFFER_POOL_STATS'
2019-02-08 14:22:51 9092 [Note] Shutting down plugin 'INNODB_BUFFER_PAGE_LRU'
2019-02-08 14:22:51 9092 [Note] Shutting down plugin 'INNODB_BUFFER_PAGE'
2019-02-08 14:22:51 9092 [Note] Shutting down plugin 'INNODB_CMP_PER_INDEX_RESET'
2019-02-08 14:22:51 9092 [Note] Shutting down plugin 'INNODB_CMP_PER_INDEX'
2019-02-08 14:22:51 9092 [Note] Shutting down plugin 'INNODB_CMPMEM_RESET'
2019-02-08 14:22:51 9092 [Note] Shutting down plugin 'INNODB_CMPMEM'
2019-02-08 14:22:51 9092 [Note] Shutting down plugin 'INNODB_CMP_RESET'
2019-02-08 14:22:51 9092 [Note] Shutting down plugin 'INNODB_CMP'
2019-02-08 14:22:51 9092 [Note] Shutting down plugin 'INNODB_LOCK_WAITS'
2019-02-08 14:22:51 9092 [Note] Shutting down plugin 'INNODB_LOCKS'
2019-02-08 14:22:51 9092 [Note] Shutting down plugin 'INNODB_TRX'
2019-02-08 14:22:51 9092 [Note] Shutting down plugin 'InnoDB'
2019-02-08 14:22:51 9092 [Note] InnoDB: FTS optimize thread exiting.
2019-02-08 14:22:51 9092 [Note] InnoDB: Starting shutdown...
2019-02-08 14:22:54 9092 [Note] InnoDB: Shutdown completed; log sequence number 1771222
2019-02-08 14:22:54 9092 [Note] Shutting down plugin 'BLACKHOLE'
2019-02-08 14:22:54 9092 [Note] Shutting down plugin 'ARCHIVE'
2019-02-08 14:22:54 9092 [Note] Shutting down plugin 'MRG_MYISAM'
2019-02-08 14:22:54 9092 [Note] Shutting down plugin 'MyISAM'
2019-02-08 14:22:54 9092 [Note] Shutting down plugin 'MEMORY'
2019-02-08 14:22:54 9092 [Note] Shutting down plugin 'CSV'
2019-02-08 14:22:54 9092 [Note] Shutting down plugin 'sha256_password'
2019-02-08 14:22:54 9092 [Note] Shutting down plugin 'mysql_old_password'
2019-02-08 14:22:54 9092 [Note] Shutting down plugin 'mysql_native_password'
2019-02-08 14:22:54 9092 [Note] Shutting down plugin 'binlog'
2019-02-08 14:22:55 9092 [Note] E:\Spring_2019\I_Am_IT\core\mysql\bin\mysqld_z.exe: Shutdown complete

2019-02-08 13:04:38 4528 [Note] Plugin 'FEDERATED' is disabled.
2019-02-08 13:04:38 4528 [Note] InnoDB: Using atomics to ref count buffer pool pages
2019-02-08 13:04:38 4528 [Note] InnoDB: The InnoDB memory heap is disabled
2019-02-08 13:04:38 4528 [Note] InnoDB: Mutexes and rw_locks use Windows interlocked functions
2019-02-08 13:04:38 4528 [Note] InnoDB: Memory barrier is not used
2019-02-08 13:04:38 4528 [Note] InnoDB: Compressed tables use zlib 1.2.3
2019-02-08 13:04:39 4528 [Note] InnoDB: Not using CPU crc32 instructions
2019-02-08 13:04:39 4528 [Note] InnoDB: Initializing buffer pool, size = 32.0M
2019-02-08 13:04:39 4528 [Note] InnoDB: Completed initialization of buffer pool
2019-02-08 13:04:39 4528 [Note] InnoDB: Highest supported file format is Barracuda.
2019-02-08 13:04:42 4528 [Note] InnoDB: 128 rollback segment(s) are active.
2019-02-08 13:04:42 4528 [Note] InnoDB: Waiting for purge to start
2019-02-08 13:04:42 4528 [Note] InnoDB: 5.6.35 started; log sequence number 1771222
2019-02-08 13:04:42 4528 [Note] Server hostname (bind-address): '127.0.0.1'; port: 3306
2019-02-08 13:04:42 4528 [Note]   - '127.0.0.1' resolves to '127.0.0.1';
2019-02-08 13:04:42 4528 [Note] Server socket created on IP: '127.0.0.1'.
2019-02-08 13:04:47 4528 [Note] Event Scheduler: Loaded 0 events
2019-02-08 13:04:47 4528 [Note] E:\Spring_2019\I_Am_IT\core\mysql\bin\mysqld_z.exe: ready for connections.
Version: '5.6.35'  socket: ''  port: 3306  MySQL Community Server (GPL)
2019-02-08 15:05:07 4528 [Note] E:\Spring_2019\I_Am_IT\core\mysql\bin\mysqld_z.exe: Normal shutdown

2019-02-08 15:05:07 4528 [Note] Giving 0 client threads a chance to die gracefully
2019-02-08 15:05:07 4528 [Note] Event Scheduler: Purging the queue. 0 events
2019-02-08 15:05:07 4528 [Note] Shutting down slave threads
2019-02-08 15:05:07 4528 [Note] Forcefully disconnecting 0 remaining clients
2019-02-08 15:05:07 4528 [Note] Binlog end
2019-02-08 15:05:07 4528 [Note] Shutting down plugin 'partition'
2019-02-08 15:05:07 4528 [Note] Shutting down plugin 'PERFORMANCE_SCHEMA'
2019-02-08 15:05:07 4528 [Note] Shutting down plugin 'INNODB_SYS_DATAFILES'
2019-02-08 15:05:07 4528 [Note] Shutting down plugin 'INNODB_SYS_TABLESPACES'
2019-02-08 15:05:07 4528 [Note] Shutting down plugin 'INNODB_SYS_FOREIGN_COLS'
2019-02-08 15:05:07 4528 [Note] Shutting down plugin 'INNODB_SYS_FOREIGN'
2019-02-08 15:05:07 4528 [Note] Shutting down plugin 'INNODB_SYS_FIELDS'
2019-02-08 15:05:07 4528 [Note] Shutting down plugin 'INNODB_SYS_COLUMNS'
2019-02-08 15:05:07 4528 [Note] Shutting down plugin 'INNODB_SYS_INDEXES'
2019-02-08 15:05:07 4528 [Note] Shutting down plugin 'INNODB_SYS_TABLESTATS'
2019-02-08 15:05:07 4528 [Note] Shutting down plugin 'INNODB_SYS_TABLES'
2019-02-08 15:05:07 4528 [Note] Shutting down plugin 'INNODB_FT_INDEX_TABLE'
2019-02-08 15:05:07 4528 [Note] Shutting down plugin 'INNODB_FT_INDEX_CACHE'
2019-02-08 15:05:07 4528 [Note] Shutting down plugin 'INNODB_FT_CONFIG'
2019-02-08 15:05:07 4528 [Note] Shutting down plugin 'INNODB_FT_BEING_DELETED'
2019-02-08 15:05:07 4528 [Note] Shutting down plugin 'INNODB_FT_DELETED'
2019-02-08 15:05:07 4528 [Note] Shutting down plugin 'INNODB_FT_DEFAULT_STOPWORD'
2019-02-08 15:05:07 4528 [Note] Shutting down plugin 'INNODB_METRICS'
2019-02-08 15:05:07 4528 [Note] Shutting down plugin 'INNODB_BUFFER_POOL_STATS'
2019-02-08 15:05:07 4528 [Note] Shutting down plugin 'INNODB_BUFFER_PAGE_LRU'
2019-02-08 15:05:07 4528 [Note] Shutting down plugin 'INNODB_BUFFER_PAGE'
2019-02-08 15:05:07 4528 [Note] Shutting down plugin 'INNODB_CMP_PER_INDEX_RESET'
2019-02-08 15:05:07 4528 [Note] Shutting down plugin 'INNODB_CMP_PER_INDEX'
2019-02-08 15:05:07 4528 [Note] Shutting down plugin 'INNODB_CMPMEM_RESET'
2019-02-08 15:05:07 4528 [Note] Shutting down plugin 'INNODB_CMPMEM'
2019-02-08 15:05:07 4528 [Note] Shutting down plugin 'INNODB_CMP_RESET'
2019-02-08 15:05:07 4528 [Note] Shutting down plugin 'INNODB_CMP'
2019-02-08 15:05:07 4528 [Note] Shutting down plugin 'INNODB_LOCK_WAITS'
2019-02-08 15:05:07 4528 [Note] Shutting down plugin 'INNODB_LOCKS'
2019-02-08 15:05:07 4528 [Note] Shutting down plugin 'INNODB_TRX'
2019-02-08 15:05:07 4528 [Note] Shutting down plugin 'InnoDB'
2019-02-08 15:05:07 4528 [Note] InnoDB: FTS optimize thread exiting.
2019-02-08 15:05:07 4528 [Note] InnoDB: Starting shutdown...
2019-02-08 15:05:09 4528 [Note] InnoDB: Shutdown completed; log sequence number 1771232
2019-02-08 15:05:09 4528 [Note] Shutting down plugin 'BLACKHOLE'
2019-02-08 15:05:09 4528 [Note] Shutting down plugin 'ARCHIVE'
2019-02-08 15:05:09 4528 [Note] Shutting down plugin 'MRG_MYISAM'
2019-02-08 15:05:09 4528 [Note] Shutting down plugin 'MyISAM'
2019-02-08 15:05:09 4528 [Note] Shutting down plugin 'MEMORY'
2019-02-08 15:05:09 4528 [Note] Shutting down plugin 'CSV'
2019-02-08 15:05:09 4528 [Note] Shutting down plugin 'sha256_password'
2019-02-08 15:05:09 4528 [Note] Shutting down plugin 'mysql_old_password'
2019-02-08 15:05:09 4528 [Note] Shutting down plugin 'mysql_native_password'
2019-02-08 15:05:09 4528 [Note] Shutting down plugin 'binlog'
2019-02-08 15:05:10 4528 [Note] E:\Spring_2019\I_Am_IT\core\mysql\bin\mysqld_z.exe: Shutdown complete

