2019-01-17 10:03:54 4496 [Note] Plugin 'FEDERATED' is disabled.
2019-01-17 10:03:56 4496 [Note] InnoDB: Using atomics to ref count buffer pool pages
2019-01-17 10:03:56 4496 [Note] InnoDB: The InnoDB memory heap is disabled
2019-01-17 10:03:56 4496 [Note] InnoDB: Mutexes and rw_locks use Windows interlocked functions
2019-01-17 10:03:56 4496 [Note] InnoDB: Memory barrier is not used
2019-01-17 10:03:56 4496 [Note] InnoDB: Compressed tables use zlib 1.2.3
2019-01-17 10:03:57 4496 [Note] InnoDB: Not using CPU crc32 instructions
2019-01-17 10:03:57 4496 [Note] InnoDB: Initializing buffer pool, size = 32.0M
2019-01-17 10:03:57 4496 [Note] InnoDB: Completed initialization of buffer pool
2019-01-17 10:03:57 4496 [ERROR] InnoDB: Log file E:\Spring_2019\PHP_II\core\mysql\data\ib_logfile1 size 4143928 is not a multiple of innodb_page_size
2019-01-17 10:03:57 4496 [ERROR] Plugin 'InnoDB' init function returned error.
2019-01-17 10:03:57 4496 [ERROR] Plugin 'InnoDB' registration as a STORAGE ENGINE failed.
2019-01-17 10:03:57 4496 [ERROR] Unknown/unsupported storage engine: InnoDB
2019-01-17 10:03:57 4496 [ERROR] Aborting

2019-01-17 10:03:57 4496 [Note] Binlog end
2019-01-17 10:03:57 4496 [Note] Shutting down plugin 'partition'
2019-01-17 10:03:57 4496 [Note] Shutting down plugin 'PERFORMANCE_SCHEMA'
2019-01-17 10:03:57 4496 [Note] Shutting down plugin 'INNODB_SYS_DATAFILES'
2019-01-17 10:03:57 4496 [Note] Shutting down plugin 'INNODB_SYS_TABLESPACES'
2019-01-17 10:03:57 4496 [Note] Shutting down plugin 'INNODB_SYS_FOREIGN_COLS'
2019-01-17 10:03:57 4496 [Note] Shutting down plugin 'INNODB_SYS_FOREIGN'
2019-01-17 10:03:57 4496 [Note] Shutting down plugin 'INNODB_SYS_FIELDS'
2019-01-17 10:03:57 4496 [Note] Shutting down plugin 'INNODB_SYS_COLUMNS'
2019-01-17 10:03:57 4496 [Note] Shutting down plugin 'INNODB_SYS_INDEXES'
2019-01-17 10:03:57 4496 [Note] Shutting down plugin 'INNODB_SYS_TABLESTATS'
2019-01-17 10:03:57 4496 [Note] Shutting down plugin 'INNODB_SYS_TABLES'
2019-01-17 10:03:57 4496 [Note] Shutting down plugin 'INNODB_FT_INDEX_TABLE'
2019-01-17 10:03:57 4496 [Note] Shutting down plugin 'INNODB_FT_INDEX_CACHE'
2019-01-17 10:03:57 4496 [Note] Shutting down plugin 'INNODB_FT_CONFIG'
2019-01-17 10:03:57 4496 [Note] Shutting down plugin 'INNODB_FT_BEING_DELETED'
2019-01-17 10:03:57 4496 [Note] Shutting down plugin 'INNODB_FT_DELETED'
2019-01-17 10:03:57 4496 [Note] Shutting down plugin 'INNODB_FT_DEFAULT_STOPWORD'
2019-01-17 10:03:57 4496 [Note] Shutting down plugin 'INNODB_METRICS'
2019-01-17 10:03:57 4496 [Note] Shutting down plugin 'INNODB_BUFFER_POOL_STATS'
2019-01-17 10:03:57 4496 [Note] Shutting down plugin 'INNODB_BUFFER_PAGE_LRU'
2019-01-17 10:03:57 4496 [Note] Shutting down plugin 'INNODB_BUFFER_PAGE'
2019-01-17 10:03:57 4496 [Note] Shutting down plugin 'INNODB_CMP_PER_INDEX_RESET'
2019-01-17 10:03:57 4496 [Note] Shutting down plugin 'INNODB_CMP_PER_INDEX'
2019-01-17 10:03:57 4496 [Note] Shutting down plugin 'INNODB_CMPMEM_RESET'
2019-01-17 10:03:57 4496 [Note] Shutting down plugin 'INNODB_CMPMEM'
2019-01-17 10:03:57 4496 [Note] Shutting down plugin 'INNODB_CMP_RESET'
2019-01-17 10:03:57 4496 [Note] Shutting down plugin 'INNODB_CMP'
2019-01-17 10:03:57 4496 [Note] Shutting down plugin 'INNODB_LOCK_WAITS'
2019-01-17 10:03:57 4496 [Note] Shutting down plugin 'INNODB_LOCKS'
2019-01-17 10:03:57 4496 [Note] Shutting down plugin 'INNODB_TRX'
2019-01-17 10:03:57 4496 [Note] Shutting down plugin 'BLACKHOLE'
2019-01-17 10:03:57 4496 [Note] Shutting down plugin 'ARCHIVE'
2019-01-17 10:03:57 4496 [Note] Shutting down plugin 'MRG_MYISAM'
2019-01-17 10:03:57 4496 [Note] Shutting down plugin 'MyISAM'
2019-01-17 10:03:57 4496 [Note] Shutting down plugin 'MEMORY'
2019-01-17 10:03:57 4496 [Note] Shutting down plugin 'CSV'
2019-01-17 10:03:57 4496 [Note] Shutting down plugin 'sha256_password'
2019-01-17 10:03:57 4496 [Note] Shutting down plugin 'mysql_old_password'
2019-01-17 10:03:57 4496 [Note] Shutting down plugin 'mysql_native_password'
2019-01-17 10:03:57 4496 [Note] Shutting down plugin 'binlog'
2019-01-17 10:03:57 4496 [Note] E:\Spring_2019\PHP_II\core\mysql\bin\mysqld_z.exe: Shutdown complete

2019-01-17 10:10:17 7868 [Note] Plugin 'FEDERATED' is disabled.
2019-01-17 10:10:17 7868 [Note] InnoDB: Using atomics to ref count buffer pool pages
2019-01-17 10:10:17 7868 [Note] InnoDB: The InnoDB memory heap is disabled
2019-01-17 10:10:17 7868 [Note] InnoDB: Mutexes and rw_locks use Windows interlocked functions
2019-01-17 10:10:17 7868 [Note] InnoDB: Memory barrier is not used
2019-01-17 10:10:17 7868 [Note] InnoDB: Compressed tables use zlib 1.2.3
2019-01-17 10:10:17 7868 [Note] InnoDB: Not using CPU crc32 instructions
2019-01-17 10:10:17 7868 [Note] InnoDB: Initializing buffer pool, size = 32.0M
2019-01-17 10:10:17 7868 [Note] InnoDB: Completed initialization of buffer pool
2019-01-17 10:10:17 7868 [ERROR] InnoDB: Log file E:\Spring_2019\PHP_II\core\mysql\data\ib_logfile1 size 4143928 is not a multiple of innodb_page_size
2019-01-17 10:10:17 7868 [ERROR] Plugin 'InnoDB' init function returned error.
2019-01-17 10:10:17 7868 [ERROR] Plugin 'InnoDB' registration as a STORAGE ENGINE failed.
2019-01-17 10:10:17 7868 [ERROR] Unknown/unsupported storage engine: InnoDB
2019-01-17 10:10:17 7868 [ERROR] Aborting

2019-01-17 10:10:17 7868 [Note] Binlog end
2019-01-17 10:10:17 7868 [Note] Shutting down plugin 'partition'
2019-01-17 10:10:17 7868 [Note] Shutting down plugin 'PERFORMANCE_SCHEMA'
2019-01-17 10:10:17 7868 [Note] Shutting down plugin 'INNODB_SYS_DATAFILES'
2019-01-17 10:10:17 7868 [Note] Shutting down plugin 'INNODB_SYS_TABLESPACES'
2019-01-17 10:10:17 7868 [Note] Shutting down plugin 'INNODB_SYS_FOREIGN_COLS'
2019-01-17 10:10:17 7868 [Note] Shutting down plugin 'INNODB_SYS_FOREIGN'
2019-01-17 10:10:17 7868 [Note] Shutting down plugin 'INNODB_SYS_FIELDS'
2019-01-17 10:10:17 7868 [Note] Shutting down plugin 'INNODB_SYS_COLUMNS'
2019-01-17 10:10:17 7868 [Note] Shutting down plugin 'INNODB_SYS_INDEXES'
2019-01-17 10:10:17 7868 [Note] Shutting down plugin 'INNODB_SYS_TABLESTATS'
2019-01-17 10:10:17 7868 [Note] Shutting down plugin 'INNODB_SYS_TABLES'
2019-01-17 10:10:17 7868 [Note] Shutting down plugin 'INNODB_FT_INDEX_TABLE'
2019-01-17 10:10:17 7868 [Note] Shutting down plugin 'INNODB_FT_INDEX_CACHE'
2019-01-17 10:10:17 7868 [Note] Shutting down plugin 'INNODB_FT_CONFIG'
2019-01-17 10:10:17 7868 [Note] Shutting down plugin 'INNODB_FT_BEING_DELETED'
2019-01-17 10:10:17 7868 [Note] Shutting down plugin 'INNODB_FT_DELETED'
2019-01-17 10:10:17 7868 [Note] Shutting down plugin 'INNODB_FT_DEFAULT_STOPWORD'
2019-01-17 10:10:17 7868 [Note] Shutting down plugin 'INNODB_METRICS'
2019-01-17 10:10:17 7868 [Note] Shutting down plugin 'INNODB_BUFFER_POOL_STATS'
2019-01-17 10:10:17 7868 [Note] Shutting down plugin 'INNODB_BUFFER_PAGE_LRU'
2019-01-17 10:10:17 7868 [Note] Shutting down plugin 'INNODB_BUFFER_PAGE'
2019-01-17 10:10:17 7868 [Note] Shutting down plugin 'INNODB_CMP_PER_INDEX_RESET'
2019-01-17 10:10:17 7868 [Note] Shutting down plugin 'INNODB_CMP_PER_INDEX'
2019-01-17 10:10:17 7868 [Note] Shutting down plugin 'INNODB_CMPMEM_RESET'
2019-01-17 10:10:17 7868 [Note] Shutting down plugin 'INNODB_CMPMEM'
2019-01-17 10:10:17 7868 [Note] Shutting down plugin 'INNODB_CMP_RESET'
2019-01-17 10:10:17 7868 [Note] Shutting down plugin 'INNODB_CMP'
2019-01-17 10:10:17 7868 [Note] Shutting down plugin 'INNODB_LOCK_WAITS'
2019-01-17 10:10:17 7868 [Note] Shutting down plugin 'INNODB_LOCKS'
2019-01-17 10:10:17 7868 [Note] Shutting down plugin 'INNODB_TRX'
2019-01-17 10:10:17 7868 [Note] Shutting down plugin 'BLACKHOLE'
2019-01-17 10:10:17 7868 [Note] Shutting down plugin 'ARCHIVE'
2019-01-17 10:10:17 7868 [Note] Shutting down plugin 'MRG_MYISAM'
2019-01-17 10:10:17 7868 [Note] Shutting down plugin 'MyISAM'
2019-01-17 10:10:17 7868 [Note] Shutting down plugin 'MEMORY'
2019-01-17 10:10:17 7868 [Note] Shutting down plugin 'CSV'
2019-01-17 10:10:17 7868 [Note] Shutting down plugin 'sha256_password'
2019-01-17 10:10:17 7868 [Note] Shutting down plugin 'mysql_old_password'
2019-01-17 10:10:17 7868 [Note] Shutting down plugin 'mysql_native_password'
2019-01-17 10:10:17 7868 [Note] Shutting down plugin 'binlog'
2019-01-17 10:10:17 7868 [Note] E:\Spring_2019\PHP_II\core\mysql\bin\mysqld_z.exe: Shutdown complete

2019-01-24 09:38:26 7668 [Note] Plugin 'FEDERATED' is disabled.
2019-01-24 09:38:26 7668 [Note] InnoDB: Using atomics to ref count buffer pool pages
2019-01-24 09:38:26 7668 [Note] InnoDB: The InnoDB memory heap is disabled
2019-01-24 09:38:26 7668 [Note] InnoDB: Mutexes and rw_locks use Windows interlocked functions
2019-01-24 09:38:27 7668 [Note] InnoDB: Memory barrier is not used
2019-01-24 09:38:27 7668 [Note] InnoDB: Compressed tables use zlib 1.2.3
2019-01-24 09:38:27 7668 [Note] InnoDB: Not using CPU crc32 instructions
2019-01-24 09:38:27 7668 [Note] InnoDB: Initializing buffer pool, size = 32.0M
2019-01-24 09:38:27 7668 [Note] InnoDB: Completed initialization of buffer pool
2019-01-24 09:38:27 7668 [ERROR] InnoDB: Log file E:\Spring_2019\PHP_II\core\mysql\data\ib_logfile1 size 4143928 is not a multiple of innodb_page_size
2019-01-24 09:38:27 7668 [ERROR] Plugin 'InnoDB' init function returned error.
2019-01-24 09:38:27 7668 [ERROR] Plugin 'InnoDB' registration as a STORAGE ENGINE failed.
2019-01-24 09:38:27 7668 [ERROR] Unknown/unsupported storage engine: InnoDB
2019-01-24 09:38:27 7668 [ERROR] Aborting

2019-01-24 09:38:27 7668 [Note] Binlog end
2019-01-24 09:38:27 7668 [Note] Shutting down plugin 'partition'
2019-01-24 09:38:27 7668 [Note] Shutting down plugin 'PERFORMANCE_SCHEMA'
2019-01-24 09:38:27 7668 [Note] Shutting down plugin 'INNODB_SYS_DATAFILES'
2019-01-24 09:38:27 7668 [Note] Shutting down plugin 'INNODB_SYS_TABLESPACES'
2019-01-24 09:38:27 7668 [Note] Shutting down plugin 'INNODB_SYS_FOREIGN_COLS'
2019-01-24 09:38:27 7668 [Note] Shutting down plugin 'INNODB_SYS_FOREIGN'
2019-01-24 09:38:27 7668 [Note] Shutting down plugin 'INNODB_SYS_FIELDS'
2019-01-24 09:38:27 7668 [Note] Shutting down plugin 'INNODB_SYS_COLUMNS'
2019-01-24 09:38:27 7668 [Note] Shutting down plugin 'INNODB_SYS_INDEXES'
2019-01-24 09:38:27 7668 [Note] Shutting down plugin 'INNODB_SYS_TABLESTATS'
2019-01-24 09:38:27 7668 [Note] Shutting down plugin 'INNODB_SYS_TABLES'
2019-01-24 09:38:27 7668 [Note] Shutting down plugin 'INNODB_FT_INDEX_TABLE'
2019-01-24 09:38:27 7668 [Note] Shutting down plugin 'INNODB_FT_INDEX_CACHE'
2019-01-24 09:38:27 7668 [Note] Shutting down plugin 'INNODB_FT_CONFIG'
2019-01-24 09:38:27 7668 [Note] Shutting down plugin 'INNODB_FT_BEING_DELETED'
2019-01-24 09:38:27 7668 [Note] Shutting down plugin 'INNODB_FT_DELETED'
2019-01-24 09:38:27 7668 [Note] Shutting down plugin 'INNODB_FT_DEFAULT_STOPWORD'
2019-01-24 09:38:27 7668 [Note] Shutting down plugin 'INNODB_METRICS'
2019-01-24 09:38:27 7668 [Note] Shutting down plugin 'INNODB_BUFFER_POOL_STATS'
2019-01-24 09:38:27 7668 [Note] Shutting down plugin 'INNODB_BUFFER_PAGE_LRU'
2019-01-24 09:38:27 7668 [Note] Shutting down plugin 'INNODB_BUFFER_PAGE'
2019-01-24 09:38:27 7668 [Note] Shutting down plugin 'INNODB_CMP_PER_INDEX_RESET'
2019-01-24 09:38:27 7668 [Note] Shutting down plugin 'INNODB_CMP_PER_INDEX'
2019-01-24 09:38:27 7668 [Note] Shutting down plugin 'INNODB_CMPMEM_RESET'
2019-01-24 09:38:27 7668 [Note] Shutting down plugin 'INNODB_CMPMEM'
2019-01-24 09:38:27 7668 [Note] Shutting down plugin 'INNODB_CMP_RESET'
2019-01-24 09:38:27 7668 [Note] Shutting down plugin 'INNODB_CMP'
2019-01-24 09:38:27 7668 [Note] Shutting down plugin 'INNODB_LOCK_WAITS'
2019-01-24 09:38:27 7668 [Note] Shutting down plugin 'INNODB_LOCKS'
2019-01-24 09:38:27 7668 [Note] Shutting down plugin 'INNODB_TRX'
2019-01-24 09:38:27 7668 [Note] Shutting down plugin 'BLACKHOLE'
2019-01-24 09:38:27 7668 [Note] Shutting down plugin 'ARCHIVE'
2019-01-24 09:38:27 7668 [Note] Shutting down plugin 'MRG_MYISAM'
2019-01-24 09:38:27 7668 [Note] Shutting down plugin 'MyISAM'
2019-01-24 09:38:27 7668 [Note] Shutting down plugin 'MEMORY'
2019-01-24 09:38:27 7668 [Note] Shutting down plugin 'CSV'
2019-01-24 09:38:27 7668 [Note] Shutting down plugin 'sha256_password'
2019-01-24 09:38:27 7668 [Note] Shutting down plugin 'mysql_old_password'
2019-01-24 09:38:27 7668 [Note] Shutting down plugin 'mysql_native_password'
2019-01-24 09:38:27 7668 [Note] Shutting down plugin 'binlog'
2019-01-24 09:38:27 7668 [Note] E:\Spring_2019\PHP_II\core\mysql\bin\mysqld_z.exe: Shutdown complete

2019-02-05 09:14:33 4864 [Note] Plugin 'FEDERATED' is disabled.
2019-02-05 09:14:33 4864 [Note] InnoDB: Using atomics to ref count buffer pool pages
2019-02-05 09:14:33 4864 [Note] InnoDB: The InnoDB memory heap is disabled
2019-02-05 09:14:33 4864 [Note] InnoDB: Mutexes and rw_locks use Windows interlocked functions
2019-02-05 09:14:33 4864 [Note] InnoDB: Memory barrier is not used
2019-02-05 09:14:33 4864 [Note] InnoDB: Compressed tables use zlib 1.2.3
2019-02-05 09:14:33 4864 [Note] InnoDB: Not using CPU crc32 instructions
2019-02-05 09:14:33 4864 [Note] InnoDB: Initializing buffer pool, size = 32.0M
2019-02-05 09:14:33 4864 [Note] InnoDB: Completed initialization of buffer pool
2019-02-05 09:14:33 4864 [ERROR] InnoDB: Log file E:\Spring_2019\PHP_II\core\mysql\data\ib_logfile1 size 4143928 is not a multiple of innodb_page_size
2019-02-05 09:14:33 4864 [ERROR] Plugin 'InnoDB' init function returned error.
2019-02-05 09:14:33 4864 [ERROR] Plugin 'InnoDB' registration as a STORAGE ENGINE failed.
2019-02-05 09:14:33 4864 [ERROR] Unknown/unsupported storage engine: InnoDB
2019-02-05 09:14:33 4864 [ERROR] Aborting

2019-02-05 09:14:33 4864 [Note] Binlog end
2019-02-05 09:14:33 4864 [Note] Shutting down plugin 'partition'
2019-02-05 09:14:33 4864 [Note] Shutting down plugin 'PERFORMANCE_SCHEMA'
2019-02-05 09:14:33 4864 [Note] Shutting down plugin 'INNODB_SYS_DATAFILES'
2019-02-05 09:14:33 4864 [Note] Shutting down plugin 'INNODB_SYS_TABLESPACES'
2019-02-05 09:14:33 4864 [Note] Shutting down plugin 'INNODB_SYS_FOREIGN_COLS'
2019-02-05 09:14:33 4864 [Note] Shutting down plugin 'INNODB_SYS_FOREIGN'
2019-02-05 09:14:33 4864 [Note] Shutting down plugin 'INNODB_SYS_FIELDS'
2019-02-05 09:14:33 4864 [Note] Shutting down plugin 'INNODB_SYS_COLUMNS'
2019-02-05 09:14:33 4864 [Note] Shutting down plugin 'INNODB_SYS_INDEXES'
2019-02-05 09:14:33 4864 [Note] Shutting down plugin 'INNODB_SYS_TABLESTATS'
2019-02-05 09:14:33 4864 [Note] Shutting down plugin 'INNODB_SYS_TABLES'
2019-02-05 09:14:33 4864 [Note] Shutting down plugin 'INNODB_FT_INDEX_TABLE'
2019-02-05 09:14:33 4864 [Note] Shutting down plugin 'INNODB_FT_INDEX_CACHE'
2019-02-05 09:14:33 4864 [Note] Shutting down plugin 'INNODB_FT_CONFIG'
2019-02-05 09:14:33 4864 [Note] Shutting down plugin 'INNODB_FT_BEING_DELETED'
2019-02-05 09:14:33 4864 [Note] Shutting down plugin 'INNODB_FT_DELETED'
2019-02-05 09:14:33 4864 [Note] Shutting down plugin 'INNODB_FT_DEFAULT_STOPWORD'
2019-02-05 09:14:33 4864 [Note] Shutting down plugin 'INNODB_METRICS'
2019-02-05 09:14:33 4864 [Note] Shutting down plugin 'INNODB_BUFFER_POOL_STATS'
2019-02-05 09:14:33 4864 [Note] Shutting down plugin 'INNODB_BUFFER_PAGE_LRU'
2019-02-05 09:14:33 4864 [Note] Shutting down plugin 'INNODB_BUFFER_PAGE'
2019-02-05 09:14:33 4864 [Note] Shutting down plugin 'INNODB_CMP_PER_INDEX_RESET'
2019-02-05 09:14:33 4864 [Note] Shutting down plugin 'INNODB_CMP_PER_INDEX'
2019-02-05 09:14:33 4864 [Note] Shutting down plugin 'INNODB_CMPMEM_RESET'
2019-02-05 09:14:33 4864 [Note] Shutting down plugin 'INNODB_CMPMEM'
2019-02-05 09:14:33 4864 [Note] Shutting down plugin 'INNODB_CMP_RESET'
2019-02-05 09:14:33 4864 [Note] Shutting down plugin 'INNODB_CMP'
2019-02-05 09:14:33 4864 [Note] Shutting down plugin 'INNODB_LOCK_WAITS'
2019-02-05 09:14:33 4864 [Note] Shutting down plugin 'INNODB_LOCKS'
2019-02-05 09:14:33 4864 [Note] Shutting down plugin 'INNODB_TRX'
2019-02-05 09:14:33 4864 [Note] Shutting down plugin 'BLACKHOLE'
2019-02-05 09:14:33 4864 [Note] Shutting down plugin 'ARCHIVE'
2019-02-05 09:14:33 4864 [Note] Shutting down plugin 'MRG_MYISAM'
2019-02-05 09:14:33 4864 [Note] Shutting down plugin 'MyISAM'
2019-02-05 09:14:33 4864 [Note] Shutting down plugin 'MEMORY'
2019-02-05 09:14:33 4864 [Note] Shutting down plugin 'CSV'
2019-02-05 09:14:33 4864 [Note] Shutting down plugin 'sha256_password'
2019-02-05 09:14:33 4864 [Note] Shutting down plugin 'mysql_old_password'
2019-02-05 09:14:33 4864 [Note] Shutting down plugin 'mysql_native_password'
2019-02-05 09:14:33 4864 [Note] Shutting down plugin 'binlog'
2019-02-05 09:14:33 4864 [Note] E:\Spring_2019\PHP_II\core\mysql\bin\mysqld_z.exe: Shutdown complete

